Determining if the pthread_create exist failed with the following output:
Change Dir: /home/vtl/magni_ws/src/gazebo_plugin/build/CMakeFiles/CMakeTmp

Run Build Command:"/usr/bin/make" "cmTC_856d8/fast"
/usr/bin/make -f CMakeFiles/cmTC_856d8.dir/build.make CMakeFiles/cmTC_856d8.dir/build
make[1]: Entering directory '/home/vtl/magni_ws/src/gazebo_plugin/build/CMakeFiles/CMakeTmp'
Building C object CMakeFiles/cmTC_856d8.dir/CheckSymbolExists.c.o
/usr/bin/cc    -o CMakeFiles/cmTC_856d8.dir/CheckSymbolExists.c.o   -c /home/vtl/magni_ws/src/gazebo_plugin/build/CMakeFiles/CMakeTmp/CheckSymbolExists.c
Linking C executable cmTC_856d8
/usr/bin/cmake -E cmake_link_script CMakeFiles/cmTC_856d8.dir/link.txt --verbose=1
/usr/bin/cc      -rdynamic CMakeFiles/cmTC_856d8.dir/CheckSymbolExists.c.o  -o cmTC_856d8 
CMakeFiles/cmTC_856d8.dir/CheckSymbolExists.c.o: In function `main':
CheckSymbolExists.c:(.text+0x1b): undefined reference to `pthread_create'
collect2: error: ld returned 1 exit status
CMakeFiles/cmTC_856d8.dir/build.make:97: recipe for target 'cmTC_856d8' failed
make[1]: *** [cmTC_856d8] Error 1
make[1]: Leaving directory '/home/vtl/magni_ws/src/gazebo_plugin/build/CMakeFiles/CMakeTmp'
Makefile:126: recipe for target 'cmTC_856d8/fast' failed
make: *** [cmTC_856d8/fast] Error 2

File /home/vtl/magni_ws/src/gazebo_plugin/build/CMakeFiles/CMakeTmp/CheckSymbolExists.c:
/* */
#include <pthread.h>

int main(int argc, char** argv)
{
  (void)argv;
#ifndef pthread_create
  return ((int*)(&pthread_create))[argc];
#else
  (void)argc;
  return 0;
#endif
}

Determining if the function pthread_create exists in the pthreads failed with the following output:
Change Dir: /home/vtl/magni_ws/src/gazebo_plugin/build/CMakeFiles/CMakeTmp

Run Build Command:"/usr/bin/make" "cmTC_24f8c/fast"
/usr/bin/make -f CMakeFiles/cmTC_24f8c.dir/build.make CMakeFiles/cmTC_24f8c.dir/build
make[1]: Entering directory '/home/vtl/magni_ws/src/gazebo_plugin/build/CMakeFiles/CMakeTmp'
Building C object CMakeFiles/cmTC_24f8c.dir/CheckFunctionExists.c.o
/usr/bin/cc   -DCHECK_FUNCTION_EXISTS=pthread_create   -o CMakeFiles/cmTC_24f8c.dir/CheckFunctionExists.c.o   -c /usr/share/cmake-3.10/Modules/CheckFunctionExists.c
Linking C executable cmTC_24f8c
/usr/bin/cmake -E cmake_link_script CMakeFiles/cmTC_24f8c.dir/link.txt --verbose=1
/usr/bin/cc  -DCHECK_FUNCTION_EXISTS=pthread_create    -rdynamic CMakeFiles/cmTC_24f8c.dir/CheckFunctionExists.c.o  -o cmTC_24f8c -lpthreads 
/usr/bin/ld: cannot find -lpthreads
collect2: error: ld returned 1 exit status
CMakeFiles/cmTC_24f8c.dir/build.make:97: recipe for target 'cmTC_24f8c' failed
make[1]: *** [cmTC_24f8c] Error 1
make[1]: Leaving directory '/home/vtl/magni_ws/src/gazebo_plugin/build/CMakeFiles/CMakeTmp'
Makefile:126: recipe for target 'cmTC_24f8c/fast' failed
make: *** [cmTC_24f8c/fast] Error 2


